<?xml version="1.0" ?>
<testsuite name="DBCheckTestCase-20230719202806" tests="1" time="0.199" failures="0" errors="0">
	<testcase classname="DBCheckTestCase" name="test_db" time="0.199"/>
	<system-out><![CDATA[]]></system-out>
	<system-err><![CDATA[]]></system-err>
</testsuite>
